# JRE version: OpenJDK Runtime Environment Zulu11.68+17-CA (11.0.21+9) (build 11.0.21+9-LTS)
# Java VM: OpenJDK 64-Bit Server VM Zulu11.68+17-CA (11.0.21+9-LTS, mixed mode, tiered, compressed oops, g1 gc, bsd-aarch64)
Heap:
 garbage-first heap   total 262144K, used 180586K [0x00000006c0000000, 0x00000007c0000000)
  region size 1024K, 21 young (21504K), 1 survivors (1024K)
 Metaspace       used 30917K, capacity 31918K, committed 32176K, reserved 1077248K
  class space    used 3816K, capacity 4292K, committed 4352K, reserved 1048576K
GC Heap History (20 events):
Event: 6.308 GC heap before
{Heap before GC invocations=6 (full 0):
 garbage-first heap   total 262144K, used 212889K [0x00000006c0000000, 0x00000007c0000000)
  region size 1024K, 106 young (108544K), 8 survivors (8192K)
 Metaspace       used 28078K, capacity 29019K, committed 29360K, reserved 1075200K
  class space    used 3566K, capacity 4034K, committed 4096K, reserved 1048576K
}
Event: 6.310 GC heap after
{Heap after GC invocations=7 (full 0):
 garbage-first heap   total 262144K, used 112456K [0x00000006c0000000, 0x00000007c0000000)
  region size 1024K, 8 young (8192K), 8 survivors (8192K)
 Metaspace       used 28078K, capacity 29019K, committed 29360K, reserved 1075200K
  class space    used 3566K, capacity 4034K, committed 4096K, reserved 1048576K
}
Event: 6.459 GC heap before
{Heap before GC invocations=7 (full 0):
 garbage-first heap   total 262144K, used 198472K [0x00000006c0000000, 0x00000007c0000000)
  region size 1024K, 81 young (82944K), 8 survivors (8192K)
 Metaspace       used 28491K, capacity 29472K, committed 29616K, reserved 1075200K
  class space    used 3599K, capacity 4076K, committed 4096K, reserved 1048576K
}
Event: 6.463 GC heap after
{Heap after GC invocations=8 (full 0):
 garbage-first heap   total 262144K, used 126646K [0x00000006c0000000, 0x00000007c0000000)
  region size 1024K, 10 young (10240K), 10 survivors (10240K)
 Metaspace       used 28491K, capacity 29472K, committed 29616K, reserved 1075200K
  class space    used 3599K, capacity 4076K, committed 4096K, reserved 1048576K
}
Event: 6.478 GC heap before
{Heap before GC invocations=9 (full 0):
 garbage-first heap   total 262144K, used 132790K [0x00000006c0000000, 0x00000007c0000000)
  region size 1024K, 11 young (11264K), 10 survivors (10240K)
 Metaspace       used 28492K, capacity 29473K, committed 29616K, reserved 1075200K
  class space    used 3599K, capacity 4076K, committed 4096K, reserved 1048576K
}
Event: 6.481 GC heap after
{Heap after GC invocations=10 (full 0):
 garbage-first heap   total 262144K, used 130802K [0x00000006c0000000, 0x00000007c0000000)
  region size 1024K, 6 young (6144K), 6 survivors (6144K)
 Metaspace       used 28492K, capacity 29473K, committed 29616K, reserved 1075200K
  class space    used 3599K, capacity 4076K, committed 4096K, reserved 1048576K
}
Event: 7.873 GC heap before
{Heap before GC invocations=11 (full 0):
 garbage-first heap   total 262144K, used 152306K [0x00000006c0000000, 0x00000007c0000000)
  region size 1024K, 22 young (22528K), 6 survivors (6144K)
 Metaspace       used 30403K, capacity 31401K, committed 31664K, reserved 1077248K
  class space    used 3795K, capacity 4271K, committed 4352K, reserved 1048576K
}
Event: 7.878 GC heap after
{Heap after GC invocations=12 (full 0):
 garbage-first heap   total 262144K, used 138244K [0x00000006c0000000, 0x00000007c0000000)
  region size 1024K, 8 young (8192K), 8 survivors (8192K)
 Metaspace       used 30403K, capacity 31401K, committed 31664K, reserved 1077248K
  class space    used 3795K, capacity 4271K, committed 4352K, reserved 1048576K
}
Event: 7.891 GC heap before
{Heap before GC invocations=13 (full 0):
 garbage-first heap   total 262144K, used 146436K [0x00000006c0000000, 0x00000007c0000000)
  region size 1024K, 16 young (16384K), 8 survivors (8192K)
 Metaspace       used 30417K, capacity 31401K, committed 31664K, reserved 1077248K
  class space    used 3796K, capacity 4271K, committed 4352K, reserved 1048576K
}
Event: 7.897 GC heap after
{Heap after GC invocations=14 (full 0):
 garbage-first heap   total 262144K, used 140024K [0x00000006c0000000, 0x00000007c0000000)
  region size 1024K, 5 young (5120K), 5 survivors (5120K)
 Metaspace       used 30417K, capacity 31401K, committed 31664K, reserved 1077248K
  class space    used 3796K, capacity 4271K, committed 4352K, reserved 1048576K
}
Event: 7.944 GC heap before
{Heap before GC invocations=15 (full 0):
 garbage-first heap   total 262144K, used 175864K [0x00000006c0000000, 0x00000007c0000000)
  region size 1024K, 40 young (40960K), 5 survivors (5120K)
 Metaspace       used 30433K, capacity 31465K, committed 31664K, reserved 1077248K
  class space    used 3796K, capacity 4271K, committed 4352K, reserved 1048576K
}
Event: 7.947 GC heap after
{Heap after GC invocations=16 (full 0):
 garbage-first heap   total 262144K, used 146499K [0x00000006c0000000, 0x00000007c0000000)
  region size 1024K, 8 young (8192K), 8 survivors (8192K)
 Metaspace       used 30433K, capacity 31465K, committed 31664K, reserved 1077248K
  class space    used 3796K, capacity 4271K, committed 4352K, reserved 1048576K
}
Event: 7.961 GC heap before
{Heap before GC invocations=17 (full 0):
 garbage-first heap   total 262144K, used 155715K [0x00000006c0000000, 0x00000007c0000000)
  region size 1024K, 17 young (17408K), 8 survivors (8192K)
 Metaspace       used 30440K, capacity 31465K, committed 31664K, reserved 1077248K
  class space    used 3796K, capacity 4271K, committed 4352K, reserved 1048576K
}
Event: 7.963 GC heap after
{Heap after GC invocations=18 (full 0):
 garbage-first heap   total 262144K, used 148293K [0x00000006c0000000, 0x00000007c0000000)
  region size 1024K, 2 young (2048K), 2 survivors (2048K)
 Metaspace       used 30440K, capacity 31465K, committed 31664K, reserved 1077248K
  class space    used 3796K, capacity 4271K, committed 4352K, reserved 1048576K
}
Event: 7.977 GC heap before
{Heap before GC invocations=19 (full 0):
 garbage-first heap   total 262144K, used 157509K [0x00000006c0000000, 0x00000007c0000000)
  region size 1024K, 11 young (11264K), 2 survivors (2048K)
 Metaspace       used 30447K, capacity 31465K, committed 31664K, reserved 1077248K
  class space    used 3796K, capacity 4271K, committed 4352K, reserved 1048576K
}
Event: 7.978 GC heap after
{Heap after GC invocations=20 (full 0):
 garbage-first heap   total 262144K, used 149897K [0x00000006c0000000, 0x00000007c0000000)
  region size 1024K, 2 young (2048K), 2 survivors (2048K)
 Metaspace       used 30447K, capacity 31465K, committed 31664K, reserved 1077248K
  class space    used 3796K, capacity 4271K, committed 4352K, reserved 1048576K
}
Event: 8.034 GC heap before
{Heap before GC invocations=21 (full 0):
 garbage-first heap   total 262144K, used 187785K [0x00000006c0000000, 0x00000007c0000000)
  region size 1024K, 39 young (39936K), 2 survivors (2048K)
 Metaspace       used 30472K, capacity 31465K, committed 31664K, reserved 1077248K
  class space    used 3796K, capacity 4271K, committed 4352K, reserved 1048576K
}
Event: 8.035 GC heap after
{Heap after GC invocations=22 (full 0):
 garbage-first heap   total 262144K, used 156297K [0x00000006c0000000, 0x00000007c0000000)
  region size 1024K, 7 young (7168K), 7 survivors (7168K)
 Metaspace       used 30472K, capacity 31465K, committed 31664K, reserved 1077248K
  class space    used 3796K, capacity 4271K, committed 4352K, reserved 1048576K
}
Event: 8.050 GC heap before
{Heap before GC invocations=23 (full 0):
 garbage-first heap   total 262144K, used 165513K [0x00000006c0000000, 0x00000007c0000000)
  region size 1024K, 16 young (16384K), 7 survivors (7168K)
 Metaspace       used 30476K, capacity 31465K, committed 31664K, reserved 1077248K
  class space    used 3796K, capacity 4271K, committed 4352K, reserved 1048576K
}
Event: 8.051 GC heap after
{Heap after GC invocations=24 (full 0):
 garbage-first heap   total 262144K, used 158058K [0x00000006c0000000, 0x00000007c0000000)
  region size 1024K, 1 young (1024K), 1 survivors (1024K)
 Metaspace       used 30476K, capacity 31465K, committed 31664K, reserved 1077248K
  class space    used 3796K, capacity 4271K, committed 4352K, reserved 1048576K
}

